<?xml version='1.0' encoding='UTF-8' ?>
<testsuite name="com.example.interviewapplication.MainActivityTest" tests="1" failures="1" errors="0" skipped="0" time="1.692" timestamp="2025-04-11T12:58:11" hostname="localhost">
  <properties>
    <property name="device" value="Pixel_8_API_34(AVD) - 14" />
    <property name="flavor" value="" />
    <property name="project" value=":app" />
  </properties>
  <testcase name="testExists" classname="com.example.interviewapplication.MainActivityTest" time="1.283">
    <failure>java.lang.AssertionError: Failed to assert the following: (Text + EditableText contains '0' (ignoreCase: false))
Semantics of the node:
Node #3 at (l=0.0, t=132.0, r=179.0, b=181.0)px, Tag: 'taskOneText'
Text = '[TaskOne: 0]'
Actions = [GetTextLayoutResult]
Has 2 siblings
Selector used: (TestTag = 'taskOneText')

at androidx.compose.ui.test.AssertionsKt.assert(Assertions.kt:270)
at androidx.compose.ui.test.AssertionsKt.assert$default(Assertions.kt:260)
at androidx.compose.ui.test.AssertionsKt.assertTextContains(Assertions.kt:214)
at androidx.compose.ui.test.AssertionsKt.assertTextContains$default(Assertions.kt:209)
at com.example.interviewapplication.MainActivityTest$testExists$1.invoke(MainActivityTest.kt:92)
at com.example.interviewapplication.MainActivityTest$testExists$1.invoke(MainActivityTest.kt:84)
at androidx.compose.ui.test.ComposeUiTest_androidKt$runAndroidComposeUiTest$1.invoke(ComposeUiTest.android.kt:120)
at androidx.compose.ui.test.ComposeUiTest_androidKt$runAndroidComposeUiTest$1.invoke(ComposeUiTest.android.kt:118)
at androidx.compose.ui.test.AndroidComposeUiTestEnvironment$AndroidComposeUiTestImpl.withDisposableContent(ComposeUiTest.android.kt:512)
at androidx.compose.ui.test.AndroidComposeUiTestEnvironment$runTest$1$1$1$1$1$1$1.invoke(ComposeUiTest.android.kt:330)
at androidx.compose.ui.test.AndroidComposeUiTestEnvironment.withTextInputService(ComposeUiTest.android.kt:396)
at androidx.compose.ui.test.AndroidComposeUiTestEnvironment.access$withTextInputService(ComposeUiTest.android.kt:234)
at androidx.compose.ui.test.AndroidComposeUiTestEnvironment$runTest$1$1$1$1$1$1.invoke(ComposeUiTest.android.kt:329)
at androidx.compose.ui.test.AndroidComposeUiTestEnvironment.withComposeIdlingResource(ComposeUiTest.android.kt:383)
at androidx.compose.ui.test.AndroidComposeUiTestEnvironment.access$withComposeIdlingResource(ComposeUiTest.android.kt:234)
at androidx.compose.ui.test.AndroidComposeUiTestEnvironment$runTest$1$1$1$1$1.invoke(ComposeUiTest.android.kt:328)
at androidx.compose.ui.test.AndroidComposeUiTestEnvironment.withWindowRecomposer(ComposeUiTest.android.kt:357)
at androidx.compose.ui.test.AndroidComposeUiTestEnvironment.access$withWindowRecomposer(ComposeUiTest.android.kt:234)
at androidx.compose.ui.test.AndroidComposeUiTestEnvironment$runTest$1$1$1$1.invoke(ComposeUiTest.android.kt:327)
at androidx.compose.ui.test.AndroidComposeUiTestEnvironment.withTestCoroutines(ComposeUiTest.android.kt:370)
at androidx.compose.ui.test.AndroidComposeUiTestEnvironment.access$withTestCoroutines(ComposeUiTest.android.kt:234)
at androidx.compose.ui.test.AndroidComposeUiTestEnvironment$runTest$1$1$1.invoke(ComposeUiTest.android.kt:326)
at androidx.compose.ui.test.junit4.EspressoLink.withStrategy(EspressoLink.android.kt:66)
at androidx.compose.ui.test.AndroidComposeUiTestEnvironment$runTest$1$1.invoke(ComposeUiTest.android.kt:325)
at androidx.compose.ui.test.junit4.IdlingResourceRegistry.withRegistry(IdlingResourceRegistry.jvm.kt:157)
at androidx.compose.ui.test.AndroidComposeUiTestEnvironment$runTest$1.invoke(ComposeUiTest.android.kt:324)
at androidx.compose.ui.test.junit4.ComposeRootRegistry.withRegistry(ComposeRootRegistry.android.kt:146)
at androidx.compose.ui.test.AndroidComposeUiTestEnvironment.runTest(ComposeUiTest.android.kt:323)
at androidx.compose.ui.test.ComposeUiTest_androidKt.runAndroidComposeUiTest(ComposeUiTest.android.kt:118)
at androidx.compose.ui.test.ComposeUiTest_androidKt.runComposeUiTest(ComposeUiTest.android.kt:65)
at androidx.compose.ui.test.ComposeUiTest_androidKt.runComposeUiTest$default(ComposeUiTest.android.kt:64)
at com.example.interviewapplication.MainActivityTest.testExists(MainActivityTest.kt:84)</failure>
  </testcase>
</testsuite>